INFO: [HLS 200-10] Running '/opt/Xilinx/Vitis_HLS/2022.2/bin/unwrapped/lnx64.o/vitis_hls'
INFO: [HLS 200-10] For user 'dian' on host 'entmpc75' (Linux_x86_64 version 5.4.0-146-generic) on Mon Apr 24 21:50:02 CEST 2023
INFO: [HLS 200-10] On os Ubuntu 18.04.6 LTS
INFO: [HLS 200-10] In directory '/home/dian/ModelComposer/MyProject/HLS_Trials/Trial1'
Sourcing Tcl script '/home/dian/ModelComposer/MyProject/HLS_Trials/Trial1/DASTrial1_prj/solution1/csim.tcl'
INFO: [HLS 200-1510] Running: source /home/dian/ModelComposer/MyProject/HLS_Trials/Trial1/DASTrial1_prj/solution1/csim.tcl
INFO: [HLS 200-1510] Running: open_project DASTrial1_prj 
INFO: [HLS 200-10] Opening project '/home/dian/ModelComposer/MyProject/HLS_Trials/Trial1/DASTrial1_prj'.
INFO: [HLS 200-1510] Running: set_top DASTrial1 
INFO: [HLS 200-1510] Running: add_files DASTrial1.cpp 
INFO: [HLS 200-10] Adding design file 'DASTrial1.cpp' to the project
INFO: [HLS 200-1510] Running: add_files -tb DASTrial1_test.cpp -cflags -Wno-unknown-pragmas -Wno-unknown-pragmas -Wno-unknown-pragmas -Wno-unknown-pragmas -Wno-unknown-pragmas -Wno-unknown-pragmas -csimflags -Wno-unknown-pragmas 
INFO: [HLS 200-10] Adding test bench file 'DASTrial1_test.cpp' to the project
INFO: [HLS 200-1510] Running: open_solution solution1 -flow_target vivado 
INFO: [HLS 200-10] Opening solution '/home/dian/ModelComposer/MyProject/HLS_Trials/Trial1/DASTrial1_prj/solution1'.
INFO: [SYN 201-201] Setting up clock 'default' with a period of 20ns.
INFO: [HLS 200-1611] Setting target device to 'xc7v585t-ffg1157-1'
INFO: [HLS 200-1505] Using flow_target 'vivado'
Resolution: For help on HLS 200-1505 see www.xilinx.com/cgi-bin/docs/rdoc?v=2022.2;t=hls+guidance;d=200-1505.html
INFO: [HLS 200-1464] Running solution command: config_interface -m_axi_latency=0
INFO: [HLS 200-1510] Running: set_part xc7v585t-ffg1157-1 
INFO: [HLS 200-1510] Running: create_clock -period 20 -name default 
INFO: [HLS 200-1510] Running: config_interface -m_axi_latency 0 
INFO: [HLS 200-1510] Running: source ./DASTrial1_prj/solution1/directives.tcl
INFO: [HLS 200-1510] Running: set_directive_top -name DASTrial1 DASTrial1 
INFO: [HLS 200-1510] Running: set_directive_pipeline -off sum_Snapshot 
INFO: [HLS 200-1510] Running: csim_design -quiet 
Running Dispatch Server on port: 44491
INFO: [SIM 211-2] *************** CSIM start ***************
INFO: [SIM 211-4] CSIM will launch GCC as the compiler.
   Compiling ../../../../DASTrial1_test.cpp in debug mode
   Compiling ../../../../DASTrial1.cpp in debug mode
   Generating csim.exe
0 4.16492e-05 8.32984e-05 0.000124948 0.000166597 0.000208247 0.000249896 0.000291545 
0.125 0.125 0.125 0.125 0.125 0.125 0.125 0.125 
0.125 
-0.158114 
0.125 
-0.0275877 
0.125 
0.100705 
0.125 
-0.158114 
0.125 
0.22457 
0.125 
-0.0275877 
0.125 
0.341886 
0.125 
0.100705 
0.125 
-0.158114 
0.125 
0.450647 
0.125 
0.22457 
0.125 
-0.0275877 
0.125 
0.548993 
0.125 
0.341886 
0.125 
0.100705 
0.125 
-0.158114 
0.125 
0.635239 
0.125 
0.450647 
0.125 
0.22457 
0.125 
-0.0275877 
0.125 
0.707912 
0.125 
0.548993 
0.125 
0.341886 
0.125 
0.100705 
0.125 
-0.158114 
0.125 
0.765766 
0.125 
0.635239 
0.125 
0.450647 
0.125 
0.22457 
0.125 
-0.0275877 
0.125 
0.807812 
0.125 
0.707912 
0.125 
0.548993 
0.125 
0.341886 
0.125 
0.100705 
0.125 
-0.158114 
0.125 
0.833331 
0.125 
0.765766 
0.125 
0.635239 
0.125 
0.450647 
0.125 
0.22457 
0.125 
-0.0275877 
0.125 
0.841886 
0.125 
0.807812 
0.125 
0.707912 
0.125 
0.548993 
0.125 
0.341886 
0.125 
0.100705 
0.125 
-0.158114 
0.125 
0.833331 
0.125 
0.833331 
0.125 
0.765766 
0.125 
0.635239 
0.125 
0.450647 
0.125 
0.22457 
0.125 
-0.0275877 
0.125 
0.807812 
0.125 
0.841886 
0.125 
0.807812 
0.125 
0.707912 
0.125 
0.548993 
0.125 
0.341886 
0.125 
0.100705 
0.125 
-0.158114 
0.125 
0.765766 
0.125 
0.833331 
0.125 
0.833331 
0.125 
0.765766 
0.125 
0.635239 
0.125 
0.450647 
0.125 
0.22457 
0.125 
-0.0275877 
0.125 
0.707911 
0.125 
0.807812 
0.125 
0.841886 
0.125 
0.807812 
0.125 
0.707912 
0.125 
0.548993 
0.125 
0.341886 
0.125 
0.100705 
0.125 
0.635239 
0.125 
0.765766 
0.125 
0.833331 
0.125 
0.833331 
0.125 
0.765766 
0.125 
0.635239 
0.125 
0.450647 
0.125 
0.22457 
0.125 
0.548993 
0.125 
0.707911 
0.125 
0.807812 
0.125 
0.841886 
0.125 
0.807812 
0.125 
0.707912 
0.125 
0.548993 
0.125 
0.341886 
0.125 
0.450648 
0.125 
0.635239 
0.125 
0.765766 
0.125 
0.833331 
0.125 
0.833331 
0.125 
0.765766 
0.125 
0.635239 
0.125 
0.450647 
0.125 
0.341886 
0.125 
0.548993 
0.125 
0.707911 
0.125 
0.807812 
0.125 
0.841886 
0.125 
0.807812 
0.125 
0.707912 
0.125 
0.548993 
0.125 
0.22457 
0.125 
0.450648 
0.125 
0.635239 
0.125 
0.765766 
0.125 
0.833331 
0.125 
0.833331 
0.125 
0.765766 
0.125 
0.635239 
0.125 
0.100705 
0.125 
0.341886 
0.125 
0.548993 
0.125 
0.707911 
0.125 
0.807812 
0.125 
0.841886 
0.125 
0.807812 
0.125 
0.707912 
0.125 
-0.0275878 
0.125 
0.22457 
0.125 
0.450648 
0.125 
0.635239 
0.125 
0.765766 
0.125 
0.833331 
0.125 
0.833331 
0.125 
0.765766 
0.125 
-0.158114 
0.125 
0.100705 
0.125 
0.341886 
0.125 
0.548993 
0.125 
0.707911 
0.125 
0.807812 
0.125 
0.841886 
0.125 
0.807812 
0.125 
-0.28864 
0.125 
-0.0275878 
0.125 
0.22457 
0.125 
0.450648 
0.125 
0.635239 
0.125 
0.765766 
0.125 
0.833331 
0.125 
0.833331 
0.125 
-0.416933 
0.125 
-0.158114 
0.125 
0.100705 
0.125 
0.341886 
0.125 
0.548993 
0.125 
0.707911 
0.125 
0.807812 
0.125 
0.841886 
0.125 
-0.540797 
0.125 
-0.28864 
0.125 
-0.0275878 
0.125 
0.22457 
0.125 
0.450648 
0.125 
0.635239 
0.125 
0.765766 
0.125 
0.833331 
0.125 
-0.658114 
0.125 
-0.416933 
0.125 
-0.158114 
0.125 
0.100705 
0.125 
0.341886 
0.125 
0.548993 
0.125 
0.707911 
0.125 
0.807812 
0.125 
-0.766875 
0.125 
-0.540797 
0.125 
-0.28864 
0.125 
-0.0275878 
0.125 
0.22457 
0.125 
0.450648 
0.125 
0.635239 
0.125 
0.765766 
0.125 
-0.865221 
0.125 
-0.658114 
0.125 
-0.416933 
0.125 
-0.158114 
0.125 
0.100705 
0.125 
0.341886 
0.125 
0.548993 
0.125 
0.707911 
0.125 
-0.951467 
0.125 
-0.766875 
0.125 
-0.540797 
0.125 
-0.28864 
0.125 
-0.0275878 
0.125 
0.22457 
0.125 
0.450648 
0.125 
0.635239 
0.125 
-1.02414 
0.125 
-0.865221 
0.125 
-0.658114 
0.125 
-0.416933 
0.125 
-0.158114 
0.125 
0.100705 
0.125 
0.341886 
0.125 
0.548993 
0.125 
-1.08199 
0.125 
-0.951467 
0.125 
-0.766875 
0.125 
-0.540797 
0.125 
-0.28864 
0.125 
-0.0275878 
0.125 
0.22457 
0.125 
0.450648 
0.125 
-1.12404 
0.125 
-1.02414 
0.125 
-0.865221 
0.125 
-0.658114 
0.125 
-0.416933 
0.125 
-0.158114 
0.125 
0.100705 
0.125 
0.341886 
0.125 
-1.14956 
0.125 
-1.08199 
0.125 
-0.951467 
0.125 
-0.766875 
0.125 
-0.540797 
0.125 
-0.28864 
0.125 
-0.0275878 
0.125 
0.22457 
0.125 
-1.15811 
0.125 
-1.12404 
0.125 
-1.02414 
0.125 
-0.865221 
0.125 
-0.658114 
0.125 
-0.416933 
0.125 
-0.158114 
0.125 
0.100705 
0.125 
-1.14956 
0.125 
-1.14956 
0.125 
-1.08199 
0.125 
-0.951467 
0.125 
-0.766875 
0.125 
-0.540797 
0.125 
-0.28864 
0.125 
-0.0275878 
0.125 
-1.12404 
0.125 
-1.15811 
0.125 
-1.12404 
0.125 
-1.02414 
0.125 
-0.865221 
0.125 
-0.658114 
0.125 
-0.416933 
0.125 
-0.158114 
0.125 
-1.08199 
0.125 
-1.14956 
0.125 
-1.14956 
0.125 
-1.08199 
0.125 
-0.951467 
0.125 
-0.766875 
0.125 
-0.540797 
0.125 
-0.28864 
0.125 
-1.02414 
0.125 
-1.12404 
0.125 
-1.15811 
0.125 
-1.12404 
0.125 
-1.02414 
0.125 
-0.865221 
0.125 
-0.658114 
0.125 
-0.416933 
0.125 
-0.951467 
0.125 
-1.08199 
0.125 
-1.14956 
0.125 
-1.14956 
0.125 
-1.08199 
0.125 
-0.951467 
0.125 
-0.766875 
0.125 
-0.540797 
0.125 
-0.865221 
0.125 
-1.02414 
0.125 
-1.12404 
0.125 
-1.15811 
0.125 
-1.12404 
0.125 
-1.02414 
0.125 
-0.865221 
0.125 
-0.658114 
0.125 
-0.766875 
0.125 
-0.951467 
0.125 
-1.08199 
0.125 
-1.14956 
0.125 
-1.14956 
0.125 
-1.08199 
0.125 
-0.951467 
0.125 
-0.766875 
0.125 
-0.658114 
0.125 
-0.865221 
0.125 
-1.02414 
0.125 
-1.12404 
0.125 
-1.15811 
0.125 
-1.12404 
0.125 
-1.02414 
0.125 
-0.865221 
0.125 
-0.540797 
0.125 
-0.766875 
0.125 
-0.951467 
0.125 
-1.08199 
0.125 
-1.14956 
0.125 
-1.14956 
0.125 
-1.08199 
0.125 
-0.951467 
0.125 
-0.416933 
0.125 
-0.658114 
0.125 
-0.865221 
0.125 
-1.02414 
0.125 
-1.12404 
0.125 
-1.15811 
0.125 
-1.12404 
0.125 
-1.02414 
0.125 
-0.28864 
0.125 
-0.540797 
0.125 
-0.766875 
0.125 
-0.951467 
0.125 
-1.08199 
0.125 
-1.14956 
0.125 
-1.14956 
0.125 
-1.08199 
Checking results against a tolerance of 0.1
i = 0	hw_result = 0.49986	 sw_result = -0.019764
Error threshold exceeded: i = 0  Expected: -0.019764  Got: 0.49986  Delta: 0.51963
i = 1	hw_result = 0.56013	 sw_result = -0.0034485
Error threshold exceeded: i = 1  Expected: -0.0034485  Got: 0.56013  Delta: 0.56358
i = 2	hw_result = 0.49986	 sw_result = -0.0071761
Error threshold exceeded: i = 2  Expected: -0.0071761  Got: 0.49986  Delta: 0.50704
i = 3	hw_result = 0.56013	 sw_result = 0.024623
Error threshold exceeded: i = 3  Expected: 0.024623  Got: 0.56013  Delta: 0.53551
i = 4	hw_result = 0.49986	 sw_result = 0.03556
Error threshold exceeded: i = 4  Expected: 0.03556  Got: 0.49986  Delta: 0.46430
i = 5	hw_result = 0.56013	 sw_result = 0.080954
Error threshold exceeded: i = 5  Expected: 0.080954  Got: 0.56013  Delta: 0.47918
i = 6	hw_result = 0.49986	 sw_result = 0.10418
Error threshold exceeded: i = 6  Expected: 0.10418  Got: 0.49986  Delta: 0.39568
i = 7	hw_result = 0.56013	 sw_result = 0.16036
Error threshold exceeded: i = 7  Expected: 0.16036  Got: 0.56013  Delta: 0.39977
i = 8	hw_result = 0.49986	 sw_result = 0.19267
Error threshold exceeded: i = 8  Expected: 0.19267  Got: 0.49986  Delta: 0.30719
i = 9	hw_result = 0.56013	 sw_result = 0.25608
Error threshold exceeded: i = 9  Expected: 0.25608  Got: 0.56013  Delta: 0.30405
i = 10	hw_result = 0.49986	 sw_result = 0.29365
Error threshold exceeded: i = 10  Expected: 0.29365  Got: 0.49986  Delta: 0.20621
i = 11	hw_result = 0.56013	 sw_result = 0.36025
Error threshold exceeded: i = 11  Expected: 0.36025  Got: 0.56013  Delta: 0.19989
i = 12	hw_result = 0.49986	 sw_result = 0.39888
Error threshold exceeded: i = 12  Expected: 0.39888  Got: 0.49986  Delta: 0.10098
i = 13	hw_result = 0.56013	 sw_result = 0.46441
i = 14	hw_result = 0.49986	 sw_result = 0.49986
i = 15	hw_result = 0.56013	 sw_result = 0.56013
i = 16	hw_result = 0.49986	 sw_result = 0.60811
Error threshold exceeded: i = 16  Expected: 0.60811  Got: 0.49986  Delta: -0.10825
i = 17	hw_result = 0.56013	 sw_result = 0.64299
i = 18	hw_result = 0.49986	 sw_result = 0.66415
Error threshold exceeded: i = 18  Expected: 0.66415  Got: 0.49986  Delta: -0.16429
i = 19	hw_result = 0.56013	 sw_result = 0.67125
Error threshold exceeded: i = 19  Expected: 0.67125  Got: 0.56013  Delta: -0.11111
i = 20	hw_result = 0.49986	 sw_result = 0.66415
Error threshold exceeded: i = 20  Expected: 0.66415  Got: 0.49986  Delta: -0.16429
i = 21	hw_result = 0.56013	 sw_result = 0.64299
i = 22	hw_result = 0.49986	 sw_result = 0.60811
Error threshold exceeded: i = 22  Expected: 0.60811  Got: 0.49986  Delta: -0.10825
i = 23	hw_result = 0.56013	 sw_result = 0.56013
i = 24	hw_result = 0.49986	 sw_result = 0.49986
i = 25	hw_result = 0.56013	 sw_result = 0.42833
Error threshold exceeded: i = 25  Expected: 0.42833  Got: 0.56013  Delta: 0.13180
i = 26	hw_result = 0.49986	 sw_result = 0.34677
Error threshold exceeded: i = 26  Expected: 0.34677  Got: 0.49986  Delta: 0.15309
i = 27	hw_result = 0.56013	 sw_result = 0.25657
Error threshold exceeded: i = 27  Expected: 0.25657  Got: 0.56013  Delta: 0.30357
i = 28	hw_result = 0.49986	 sw_result = 0.15927
Error threshold exceeded: i = 28  Expected: 0.15927  Got: 0.49986  Delta: 0.34059
i = 29	hw_result = 0.56013	 sw_result = 0.05654
Error threshold exceeded: i = 29  Expected: 0.05654  Got: 0.56013  Delta: 0.50359
i = 30	hw_result = 0.49986	 sw_result = -0.049861
Error threshold exceeded: i = 30  Expected: -0.049861  Got: 0.49986  Delta: 0.54972
i = 31	hw_result = 0.56013	 sw_result = -0.15811
Error threshold exceeded: i = 31  Expected: -0.15811  Got: 0.56013  Delta: 0.71825
i = 32	hw_result = 0.49986	 sw_result = -0.26637
Error threshold exceeded: i = 32  Expected: -0.26637  Got: 0.49986  Delta: 0.76623
i = 33	hw_result = 0.56013	 sw_result = -0.37277
Error threshold exceeded: i = 33  Expected: -0.37277  Got: 0.56013  Delta: 0.93290
i = 34	hw_result = 0.49986	 sw_result = -0.4755
Error threshold exceeded: i = 34  Expected: -0.4755  Got: 0.49986  Delta: 0.97536
i = 35	hw_result = 0.56013	 sw_result = -0.57279
Error threshold exceeded: i = 35  Expected: -0.57279  Got: 0.56013  Delta: 1.13293
i = 36	hw_result = 0.49986	 sw_result = -0.663
Error threshold exceeded: i = 36  Expected: -0.663  Got: 0.49986  Delta: 1.16286
i = 37	hw_result = 0.56013	 sw_result = -0.74456
Error threshold exceeded: i = 37  Expected: -0.74456  Got: 0.56013  Delta: 1.30469
i = 38	hw_result = 0.49986	 sw_result = -0.81609
Error threshold exceeded: i = 38  Expected: -0.81609  Got: 0.49986  Delta: 1.31595
i = 39	hw_result = 0.56013	 sw_result = -0.87636
Error threshold exceeded: i = 39  Expected: -0.87636  Got: 0.56013  Delta: 1.43649
i = 40	hw_result = 0.49986	 sw_result = -0.92434
Error threshold exceeded: i = 40  Expected: -0.92434  Got: 0.49986  Delta: 1.42420
i = 41	hw_result = 0.56013	 sw_result = -0.95921
Error threshold exceeded: i = 41  Expected: -0.95921  Got: 0.56013  Delta: 1.51935
i = 42	hw_result = 0.49986	 sw_result = -0.98038
Error threshold exceeded: i = 42  Expected: -0.98038  Got: 0.49986  Delta: 1.48024
i = 43	hw_result = 0.56013	 sw_result = -0.98747
Error threshold exceeded: i = 43  Expected: -0.98747  Got: 0.56013  Delta: 1.54761
i = 44	hw_result = 0.49986	 sw_result = -0.98038
Error threshold exceeded: i = 44  Expected: -0.98038  Got: 0.49986  Delta: 1.48024
i = 45	hw_result = 0.56013	 sw_result = -0.95921
Error threshold exceeded: i = 45  Expected: -0.95921  Got: 0.56013  Delta: 1.51935
i = 46	hw_result = 0.49986	 sw_result = -0.92434
Error threshold exceeded: i = 46  Expected: -0.92434  Got: 0.49986  Delta: 1.42420
i = 47	hw_result = 0.56013	 sw_result = -0.87636
Error threshold exceeded: i = 47  Expected: -0.87636  Got: 0.56013  Delta: 1.43649

!!! TEST FAILED - 41 results out of tolerance.
@E Simulation failed: Function 'main' returns nonzero value '41'.
ERROR: [SIM 211-100] 'csim_design' failed: nonzero return value.
INFO: [SIM 211-3] *************** CSIM finish ***************
INFO: [HLS 200-111] Finished Command csim_design CPU user time: 28.56 seconds. CPU system time: 1.06 seconds. Elapsed time: 29.69 seconds; current allocated memory: 0.000 MB.
4
    while executing
"source /home/dian/ModelComposer/MyProject/HLS_Trials/Trial1/DASTrial1_prj/solution1/csim.tcl"
    invoked from within
"hls::main /home/dian/ModelComposer/MyProject/HLS_Trials/Trial1/DASTrial1_prj/solution1/csim.tcl"
    ("uplevel" body line 1)
    invoked from within
"uplevel 1 hls::main {*}$newargs"
    (procedure "hls_proc" line 16)
    invoked from within
"hls_proc [info nameofexecutable] $argv"
INFO: [HLS 200-112] Total CPU user time: 30.51 seconds. Total CPU system time: 1.27 seconds. Total elapsed time: 41.63 seconds; peak allocated memory: 205.098 MB.
